
The following have been reloaded with a version change:
  1) ncurses/6.0 => ncurses/6.1


The following have been reloaded with a version change:
  1) ncurses/6.1 => ncurses/6.0


#########################################################
##### Extensive de-novo TE Annotator (EDTA) v2.2.1  #####
##### Shujun Ou (shujun.ou.1@gmail.com)             #####
#########################################################


Parameters: --genome /mnt/research/edgerpat_lab/Scotty/Strawberry_Domestication/data/Genomes/Fixed_Fastas/Royal_Royce/RR_NewNames.fa --cds /mnt/research/edgerpat_lab/Scotty/Strawberry_Domestication/data/Genomes/Fixed_Fastas/Royal_Royce/RR_CDS_NewNames.fa --sensitive 1 --anno 1 --overwrite 1 --threads 18 --rmout /mnt/research/edgerpat_lab/Scotty/Strawberry_Domestication/results/individual_EDTA/RR_211/RR_NewNames.fa.mod.EDTA.anno/RR_NewNames.fa.mod.EDTA.RM.out


Fri May 24 12:41:59 EDT 2024	Dependency checking:
				All passed!

	A CDS file /mnt/research/edgerpat_lab/Scotty/Strawberry_Domestication/data/Genomes/Fixed_Fastas/Royal_Royce/RR_CDS_NewNames.fa is provided via --cds. Please make sure this is the DNA sequence of coding regions only.

	A RepeatMasker .out file /mnt/research/edgerpat_lab/Scotty/Strawberry_Domestication/results/individual_EDTA/RR_211/RR_NewNames.fa.mod.EDTA.anno/RR_NewNames.fa.mod.EDTA.RM.out is provided via --rmout.

Fri May 24 12:42:44 EDT 2024	Obtain raw TE libraries using various structure-based programs: 
Fri May 24 12:42:44 EDT 2024	EDTA_raw: Check dependencies, prepare working directories.

Fri May 24 12:42:51 EDT 2024	Start to find LTR candidates.

Fri May 24 12:42:51 EDT 2024	Identify LTR retrotransposon candidates from scratch.

Fri May 24 14:17:58 EDT 2024	Finish finding LTR candidates.

Fri May 24 14:17:58 EDT 2024	Start to find SINE candidates.

Fri May 24 15:52:21 EDT 2024	Finish finding SINE candidates.

Fri May 24 15:52:21 EDT 2024	Start to find LINE candidates.

Fri May 24 15:52:21 EDT 2024	Identify LINE retrotransposon candidates from scratch.

Sun May 26 00:37:08 EDT 2024	Finish finding LINE candidates.

Sun May 26 00:37:08 EDT 2024	Start to find TIR candidates.

Sun May 26 00:37:08 EDT 2024	Identify TIR candidates from scratch.

Species: others
Sun May 26 05:51:06 EDT 2024	Finish finding TIR candidates.

Sun May 26 05:51:06 EDT 2024	Start to find Helitron candidates.

Sun May 26 05:51:07 EDT 2024	Identify Helitron candidates from scratch.

Sun May 26 10:28:28 EDT 2024	Finish finding Helitron candidates.

Sun May 26 10:28:28 EDT 2024	Execution of EDTA_raw.pl is finished!

Sun May 26 10:28:29 EDT 2024	Obtain raw TE libraries finished.
				All intact TEs found by EDTA: 
					RR_NewNames.fa.mod.EDTA.intact.raw.fa 
					RR_NewNames.fa.mod.EDTA.intact.raw.gff3

Sun May 26 10:28:29 EDT 2024	Perform EDTA advance filtering for raw TE candidates and generate the stage 1 library: 

Sun May 26 12:04:29 EDT 2024	EDTA advance filtering finished.

Sun May 26 12:04:29 EDT 2024	Perform EDTA final steps to generate a non-redundant comprehensive TE library.

				Filter RepeatModeler results that are ignored in the raw step.

Sun May 26 12:06:18 EDT 2024	Clean up TE-related sequences in the CDS file with TEsorter.

				Remove CDS-related sequences in the EDTA library.

				Remove CDS-related sequences in intact TEs.

tRNA/NA not found in the TE_SO database, it will not be used to rename sequences in the final annotation.
Sun May 26 14:34:02 EDT 2024	EDTA final stage finished! You may check out:
				The final EDTA TE library: RR_NewNames.fa.mod.EDTA.TElib.fa
Sun May 26 14:34:02 EDT 2024	Perform post-EDTA analysis for whole-genome annotation:

Sun May 26 14:34:02 EDT 2024	A RepeatMasker result file /mnt/ufs18/rs-004/edgerpat_lab/Scotty/Strawberry_Domestication/results/individual_EDTA/RR_211/RR_NewNames.fa.mod.EDTA.anno/RR_NewNames.fa.mod.EDTA.RM.out is provided! Will use this file without running RepeatMasker.

Sun May 26 14:42:23 EDT 2024	TE annotation using the EDTA library has finished! Check out:
				Whole-genome TE annotation (total TE: 40.92%): RR_NewNames.fa.mod.EDTA.TEanno.gff3
				Whole-genome TE annotation summary: RR_NewNames.fa.mod.EDTA.TEanno.sum
				Whole-genome TE divergence plot: RR_NewNames.fa.mod_divergence_plot.pdf
				Whole-genome TE density plot: RR_NewNames.fa.mod.EDTA.TEanno.density_plots.pdf
				Low-threshold TE masking for MAKER gene annotation (masked: 21.43%): RR_NewNames.fa.mod.MAKER.masked

Sun May 26 14:42:24 EDT 2024	Evaluate the level of inconsistency for whole-genome TE annotation:

Sun May 26 14:49:15 EDT 2024	Evaluation of TE annotation finished! Check out these files:

				Overall: RR_NewNames.fa.mod.EDTA.TE.fa.stat.all.sum
				Nested: RR_NewNames.fa.mod.EDTA.TE.fa.stat.nested.sum
				Non-nested: RR_NewNames.fa.mod.EDTA.TE.fa.stat.redun.sum

				If you want to learn more about the formatting and information of these files, please visit:
					https://github.com/oushujun/EDTA/wiki/Making-sense-of-EDTA-usage-and-outputs---Q&A

