
The following have been reloaded with a version change:
  1) ncurses/6.0 => ncurses/6.1


The following have been reloaded with a version change:
  1) ncurses/6.1 => ncurses/6.0


#########################################################
##### Extensive de-novo TE Annotator (EDTA) v2.2.1  #####
##### Shujun Ou (shujun.ou.1@gmail.com)             #####
#########################################################


Parameters: --genome /mnt/research/edgerpat_lab/Scotty/Strawberry_Domestication/data/Genomes/Fixed_Fastas/Del_Norte/DN_NewNames.fa --cds /mnt/research/edgerpat_lab/Scotty/Strawberry_Domestication/data/Genomes/Fixed_Fastas/Del_Norte/DN_CDS_NewNames.fa --sensitive 1 --anno 1 --overwrite 1 --threads 16


Tue May  7 11:55:40 EDT 2024	Dependency checking:
				All passed!

	A CDS file /mnt/research/edgerpat_lab/Scotty/Strawberry_Domestication/data/Genomes/Fixed_Fastas/Del_Norte/DN_CDS_NewNames.fa is provided via --cds. Please make sure this is the DNA sequence of coding regions only.

Tue May  7 11:56:23 EDT 2024	Obtain raw TE libraries using various structure-based programs: 
Tue May  7 11:56:23 EDT 2024	EDTA_raw: Check dependencies, prepare working directories.

Tue May  7 11:56:30 EDT 2024	Start to find LTR candidates.

Tue May  7 11:56:30 EDT 2024	Identify LTR retrotransposon candidates from scratch.

Tue May  7 13:14:17 EDT 2024	Finish finding LTR candidates.

Tue May  7 13:14:17 EDT 2024	Start to find SINE candidates.

Tue May  7 14:54:20 EDT 2024	Finish finding SINE candidates.

Tue May  7 14:54:20 EDT 2024	Start to find LINE candidates.

Tue May  7 14:54:20 EDT 2024	Identify LINE retrotransposon candidates from scratch.

Wed May  8 23:03:50 EDT 2024	Finish finding LINE candidates.

Wed May  8 23:03:50 EDT 2024	Start to find TIR candidates.

Wed May  8 23:03:50 EDT 2024	Identify TIR candidates from scratch.

Species: others
Thu May  9 05:34:21 EDT 2024	Finish finding TIR candidates.

Thu May  9 05:34:21 EDT 2024	Start to find Helitron candidates.

Thu May  9 05:34:21 EDT 2024	Identify Helitron candidates from scratch.

Thu May  9 09:15:04 EDT 2024	Finish finding Helitron candidates.

Thu May  9 09:15:04 EDT 2024	Execution of EDTA_raw.pl is finished!

Thu May  9 09:15:05 EDT 2024	Obtain raw TE libraries finished.
				All intact TEs found by EDTA: 
					DN_NewNames.fa.mod.EDTA.intact.raw.fa 
					DN_NewNames.fa.mod.EDTA.intact.raw.gff3

Thu May  9 09:15:05 EDT 2024	Perform EDTA advance filtering for raw TE candidates and generate the stage 1 library: 

Thu May  9 11:40:20 EDT 2024	EDTA advance filtering finished.

Thu May  9 11:40:20 EDT 2024	Perform EDTA final steps to generate a non-redundant comprehensive TE library.

				Filter RepeatModeler results that are ignored in the raw step.

Thu May  9 11:41:47 EDT 2024	Clean up TE-related sequences in the CDS file with TEsorter.

				Remove CDS-related sequences in the EDTA library.

				Remove CDS-related sequences in intact TEs.

Thu May  9 13:39:32 EDT 2024	EDTA final stage finished! You may check out:
				The final EDTA TE library: DN_NewNames.fa.mod.EDTA.TElib.fa
Thu May  9 13:39:32 EDT 2024	Perform post-EDTA analysis for whole-genome annotation:

Thu May  9 13:39:32 EDT 2024	Homology-based annotation of TEs using DN_NewNames.fa.mod.EDTA.TElib.fa from scratch.

Thu May  9 15:48:05 EDT 2024	TE annotation using the EDTA library has finished! Check out:
				Whole-genome TE annotation (total TE: 42.16%): DN_NewNames.fa.mod.EDTA.TEanno.gff3
				Whole-genome TE annotation summary: DN_NewNames.fa.mod.EDTA.TEanno.sum
				Whole-genome TE divergence plot: DN_NewNames.fa.mod_divergence_plot.pdf
				Whole-genome TE density plot: DN_NewNames.fa.mod.EDTA.TEanno.density_plots.pdf
				Low-threshold TE masking for MAKER gene annotation (masked: 22.41%): DN_NewNames.fa.mod.MAKER.masked

Thu May  9 15:48:05 EDT 2024	Evaluate the level of inconsistency for whole-genome TE annotation:

Thu May  9 15:54:37 EDT 2024	Evaluation of TE annotation finished! Check out these files:

				Overall: DN_NewNames.fa.mod.EDTA.TE.fa.stat.all.sum
				Nested: DN_NewNames.fa.mod.EDTA.TE.fa.stat.nested.sum
				Non-nested: DN_NewNames.fa.mod.EDTA.TE.fa.stat.redun.sum

				If you want to learn more about the formatting and information of these files, please visit:
					https://github.com/oushujun/EDTA/wiki/Making-sense-of-EDTA-usage-and-outputs---Q&A

