
The following have been reloaded with a version change:
  1) ncurses/6.0 => ncurses/6.1


The following have been reloaded with a version change:
  1) ncurses/6.1 => ncurses/6.0


Tue May 28 12:05:23 EDT 2024
###############################################################
##### Pan-genome Extensive de-novo TE Annotator (panEDTA) #####
##### Shujun Ou (shujun.ou.1@gmail.com)                   #####
###############################################################

   Output directory: /mnt/research/edgerpat_lab/Scotty/Strawberry_Domestication/results/Pan_Annotation
   Genome files: /mnt/research/edgerpat_lab/Scotty/Strawberry_Domestication/results/Pan_Annotation/pangenome_fasta_w_cds.txt
   Coding sequences: 
   Curated library: 
   Copy number cutoff: 3
   Overwrite EDTA results: 1
   CPUs: 10


Tue May 28 12:05:24 EDT 2024
	Idenfity full-length TEs for genome 
	Idenfity full-length TEs for genome 
	Idenfity full-length TEs for genome 

Tue May 28 12:05:30 EDT 2024
	Extract pan-TE library candidate sequences

Tue May 28 12:05:46 EDT 2024
	Generate the panEDTA library
Tue May 28 12:05:47 EDT 2024	Clean up nested insertions and redundancy. Working on iteration 0
Tue May 28 12:06:47 EDT 2024	Clean up nested insertions and redundancy. Working on iteration 1
Tue May 28 12:07:44 EDT 2024	Clean up nested insertions and redundancy. Working on iteration 2
Tue May 28 12:08:40 EDT 2024	Clean up nested insertions and redundancy. Working on iteration 3
Saturated at iter3, automatically stop.


Tue May 28 12:09:35 EDT 2024
	panEDTA library of /mnt/research/edgerpat_lab/Scotty/Strawberry_Domestication/results/Pan_Annotation/pangenome_fasta_w_cds.txt is generated: pangenome_fasta_w_cds.txt.panEDTA.TElib.fa

Tue May 28 12:09:35 EDT 2024
Reannotate genome H4_NewNames.fa with the panEDTA library - homology

Tue May 28 13:21:57 EDT 2024
Reannotate genome RR_NewNames.fa with the panEDTA library - homology

Tue May 28 18:38:23 EDT 2024
Reannotate genome DN_NewNames.fa with the panEDTA library - homology

Wed May 29 00:19:06 EDT 2024
Reannotate genome H4_NewNames.fa with the panEDTA library - structural

#########################################################
##### Extensive de-novo TE Annotator (EDTA) v2.2.1  #####
##### Shujun Ou (shujun.ou.1@gmail.com)             #####
#########################################################


Parameters: --genome H4_NewNames.fa -t 10 --step final --anno 1 --curatedlib /mnt/research/edgerpat_lab/Scotty/Strawberry_Domestication/results/Pan_Annotation/pangenome_fasta_w_cds.txt.panEDTA.TElib.fa --cds H4_CDS_NewNames.fa --rmout H4_NewNames.fa.mod.panEDTA.out


Wed May 29 00:19:07 EDT 2024	Dependency checking:
				All passed!

	A custom library /mnt/research/edgerpat_lab/Scotty/Strawberry_Domestication/results/Pan_Annotation/pangenome_fasta_w_cds.txt.panEDTA.TElib.fa is provided via --curatedlib. Please make sure this is a manually curated library but not machine generated.

	A CDS file H4_CDS_NewNames.fa is provided via --cds. Please make sure this is the DNA sequence of coding regions only.

	A RepeatMasker .out file H4_NewNames.fa.mod.panEDTA.out is provided via --rmout.

Wed May 29 00:19:18 EDT 2024	Perform EDTA final steps to generate a non-redundant comprehensive TE library.

				Skipping the RepeatModeler results (--sensitive 0).
				Run EDTA.pl --step final --sensitive 1 if you want to add RepeatModeler results.

Wed May 29 00:19:18 EDT 2024	Clean up TE-related sequences in the CDS file with TEsorter.

				Remove CDS-related sequences in the EDTA library.

				Remove CDS-related sequences in intact TEs.

Wed May 29 00:36:25 EDT 2024	Combine the high-quality TE library pangenome_fasta_w_cds.txt.panEDTA.TElib.fa with the EDTA library:

Wed May 29 00:36:56 EDT 2024	EDTA final stage finished! You may check out:
				The final EDTA TE library: H4_NewNames.fa.mod.EDTA.TElib.fa
				Family names of intact TEs have been updated by pangenome_fasta_w_cds.txt.panEDTA.TElib.fa: H4_NewNames.fa.mod.EDTA.intact.gff3
				Comparing to the provided library, EDTA found these novel TEs: H4_NewNames.fa.mod.EDTA.TElib.novel.fa
				The provided library has been incorporated into the final library: H4_NewNames.fa.mod.EDTA.TElib.fa

Wed May 29 00:36:56 EDT 2024	Perform post-EDTA analysis for whole-genome annotation:

Wed May 29 00:36:56 EDT 2024	A RepeatMasker result file /mnt/ufs18/rs-004/edgerpat_lab/Scotty/Strawberry_Domestication/results/Pan_Annotation/H4_NewNames.fa.mod.panEDTA.out is provided! Will use this file without running RepeatMasker.

				H4_NewNames.fa.mod.out exists in the H4_NewNames.fa.mod.EDTA.anno folder, renamed file to H4_NewNames.fa.mod_24_12:44_H4_NewNames.fa.mod.out.out

Wed May 29 00:38:15 EDT 2024	TE annotation using the EDTA library has finished! Check out:
				Whole-genome TE annotation (total TE: 28.62%): H4_NewNames.fa.mod.EDTA.TEanno.gff3
				Whole-genome TE annotation summary: H4_NewNames.fa.mod.EDTA.TEanno.sum
				Whole-genome TE divergence plot: H4_NewNames.fa.mod_divergence_plot.pdf
				Whole-genome TE density plot: H4_NewNames.fa.mod.EDTA.TEanno.density_plots.pdf
				Low-threshold TE masking for MAKER gene annotation (masked: 27.59%): H4_NewNames.fa.mod.MAKER.masked

Wed May 29 00:38:15 EDT 2024	Evaluate the level of inconsistency for whole-genome TE annotation:

Wed May 29 01:09:36 EDT 2024	Evaluation of TE annotation finished! Check out these files:

				Overall: H4_NewNames.fa.mod.EDTA.TE.fa.stat.all.sum
				Nested: H4_NewNames.fa.mod.EDTA.TE.fa.stat.nested.sum
				Non-nested: H4_NewNames.fa.mod.EDTA.TE.fa.stat.redun.sum

				If you want to learn more about the formatting and information of these files, please visit:
					https://github.com/oushujun/EDTA/wiki/Making-sense-of-EDTA-usage-and-outputs---Q&A


Wed May 29 01:09:36 EDT 2024
Reannotate genome RR_NewNames.fa with the panEDTA library - structural

#########################################################
##### Extensive de-novo TE Annotator (EDTA) v2.2.1  #####
##### Shujun Ou (shujun.ou.1@gmail.com)             #####
#########################################################


Parameters: --genome RR_NewNames.fa -t 10 --step final --anno 1 --curatedlib /mnt/research/edgerpat_lab/Scotty/Strawberry_Domestication/results/Pan_Annotation/pangenome_fasta_w_cds.txt.panEDTA.TElib.fa --cds RR_CDS_NewNames.fa --rmout RR_NewNames.fa.mod.panEDTA.out


Wed May 29 01:09:36 EDT 2024	Dependency checking:
				All passed!

	A custom library /mnt/research/edgerpat_lab/Scotty/Strawberry_Domestication/results/Pan_Annotation/pangenome_fasta_w_cds.txt.panEDTA.TElib.fa is provided via --curatedlib. Please make sure this is a manually curated library but not machine generated.

	A CDS file RR_CDS_NewNames.fa is provided via --cds. Please make sure this is the DNA sequence of coding regions only.

	A RepeatMasker .out file RR_NewNames.fa.mod.panEDTA.out is provided via --rmout.

Wed May 29 01:10:11 EDT 2024	Perform EDTA final steps to generate a non-redundant comprehensive TE library.

				Skipping the RepeatModeler results (--sensitive 0).
				Run EDTA.pl --step final --sensitive 1 if you want to add RepeatModeler results.

Wed May 29 01:10:12 EDT 2024	Clean up TE-related sequences in the CDS file with TEsorter.

				Remove CDS-related sequences in the EDTA library.

				Remove CDS-related sequences in intact TEs.

Wed May 29 03:30:17 EDT 2024	Combine the high-quality TE library pangenome_fasta_w_cds.txt.panEDTA.TElib.fa with the EDTA library:

tRNA/NA not found in the TE_SO database, it will not be used to rename sequences in the final annotation.
Wed May 29 03:32:01 EDT 2024	EDTA final stage finished! You may check out:
				The final EDTA TE library: RR_NewNames.fa.mod.EDTA.TElib.fa
				Family names of intact TEs have been updated by pangenome_fasta_w_cds.txt.panEDTA.TElib.fa: RR_NewNames.fa.mod.EDTA.intact.gff3
				Comparing to the provided library, EDTA found these novel TEs: RR_NewNames.fa.mod.EDTA.TElib.novel.fa
				The provided library has been incorporated into the final library: RR_NewNames.fa.mod.EDTA.TElib.fa

Wed May 29 03:32:01 EDT 2024	Perform post-EDTA analysis for whole-genome annotation:

Wed May 29 03:32:01 EDT 2024	A RepeatMasker result file /mnt/ufs18/rs-004/edgerpat_lab/Scotty/Strawberry_Domestication/results/Pan_Annotation/RR_NewNames.fa.mod.panEDTA.out is provided! Will use this file without running RepeatMasker.

				RR_NewNames.fa.mod.out exists in the RR_NewNames.fa.mod.EDTA.anno folder, renamed file to RR_NewNames.fa.mod_28_11:58_RR_NewNames.fa.mod.out.out

Wed May 29 03:36:52 EDT 2024	TE annotation using the EDTA library has finished! Check out:
				Whole-genome TE annotation (total TE: 35.88%): RR_NewNames.fa.mod.EDTA.TEanno.gff3
				Whole-genome TE annotation summary: RR_NewNames.fa.mod.EDTA.TEanno.sum
				Whole-genome TE divergence plot: RR_NewNames.fa.mod_divergence_plot.pdf
				Whole-genome TE density plot: RR_NewNames.fa.mod.EDTA.TEanno.density_plots.pdf
				Low-threshold TE masking for MAKER gene annotation (masked: 34.81%): RR_NewNames.fa.mod.MAKER.masked

Wed May 29 03:36:52 EDT 2024	Evaluate the level of inconsistency for whole-genome TE annotation:

Wed May 29 03:43:50 EDT 2024	Evaluation of TE annotation finished! Check out these files:

				Overall: RR_NewNames.fa.mod.EDTA.TE.fa.stat.all.sum
				Nested: RR_NewNames.fa.mod.EDTA.TE.fa.stat.nested.sum
				Non-nested: RR_NewNames.fa.mod.EDTA.TE.fa.stat.redun.sum

				If you want to learn more about the formatting and information of these files, please visit:
					https://github.com/oushujun/EDTA/wiki/Making-sense-of-EDTA-usage-and-outputs---Q&A


Wed May 29 03:43:50 EDT 2024
Reannotate genome DN_NewNames.fa with the panEDTA library - structural

#########################################################
##### Extensive de-novo TE Annotator (EDTA) v2.2.1  #####
##### Shujun Ou (shujun.ou.1@gmail.com)             #####
#########################################################


Parameters: --genome DN_NewNames.fa -t 10 --step final --anno 1 --curatedlib /mnt/research/edgerpat_lab/Scotty/Strawberry_Domestication/results/Pan_Annotation/pangenome_fasta_w_cds.txt.panEDTA.TElib.fa --cds DN_CDS_NewNames.fa --rmout DN_NewNames.fa.mod.panEDTA.out


Wed May 29 03:43:50 EDT 2024	Dependency checking:
				All passed!

	A custom library /mnt/research/edgerpat_lab/Scotty/Strawberry_Domestication/results/Pan_Annotation/pangenome_fasta_w_cds.txt.panEDTA.TElib.fa is provided via --curatedlib. Please make sure this is a manually curated library but not machine generated.

	A CDS file DN_CDS_NewNames.fa is provided via --cds. Please make sure this is the DNA sequence of coding regions only.

	A RepeatMasker .out file DN_NewNames.fa.mod.panEDTA.out is provided via --rmout.

Wed May 29 03:44:33 EDT 2024	Perform EDTA final steps to generate a non-redundant comprehensive TE library.

				Skipping the RepeatModeler results (--sensitive 0).
				Run EDTA.pl --step final --sensitive 1 if you want to add RepeatModeler results.

Wed May 29 03:44:34 EDT 2024	Clean up TE-related sequences in the CDS file with TEsorter.

				Remove CDS-related sequences in the EDTA library.

				Remove CDS-related sequences in intact TEs.

Wed May 29 05:38:19 EDT 2024	Combine the high-quality TE library pangenome_fasta_w_cds.txt.panEDTA.TElib.fa with the EDTA library:

Wed May 29 05:39:55 EDT 2024	EDTA final stage finished! You may check out:
				The final EDTA TE library: DN_NewNames.fa.mod.EDTA.TElib.fa
				Family names of intact TEs have been updated by pangenome_fasta_w_cds.txt.panEDTA.TElib.fa: DN_NewNames.fa.mod.EDTA.intact.gff3
				Comparing to the provided library, EDTA found these novel TEs: DN_NewNames.fa.mod.EDTA.TElib.novel.fa
				The provided library has been incorporated into the final library: DN_NewNames.fa.mod.EDTA.TElib.fa

Wed May 29 05:39:55 EDT 2024	Perform post-EDTA analysis for whole-genome annotation:

Wed May 29 05:39:55 EDT 2024	A RepeatMasker result file /mnt/ufs18/rs-004/edgerpat_lab/Scotty/Strawberry_Domestication/results/Pan_Annotation/DN_NewNames.fa.mod.panEDTA.out is provided! Will use this file without running RepeatMasker.

				DN_NewNames.fa.mod.out exists in the DN_NewNames.fa.mod.EDTA.anno folder, renamed file to DN_NewNames.fa.mod_24_12:44_DN_NewNames.fa.mod.out.out

Wed May 29 05:45:24 EDT 2024	TE annotation using the EDTA library has finished! Check out:
				Whole-genome TE annotation (total TE: 38.28%): DN_NewNames.fa.mod.EDTA.TEanno.gff3
				Whole-genome TE annotation summary: DN_NewNames.fa.mod.EDTA.TEanno.sum
				Whole-genome TE divergence plot: DN_NewNames.fa.mod_divergence_plot.pdf
				Whole-genome TE density plot: DN_NewNames.fa.mod.EDTA.TEanno.density_plots.pdf
				Low-threshold TE masking for MAKER gene annotation (masked: 37.27%): DN_NewNames.fa.mod.MAKER.masked

Wed May 29 05:45:24 EDT 2024	Evaluate the level of inconsistency for whole-genome TE annotation:

Wed May 29 05:52:20 EDT 2024	Evaluation of TE annotation finished! Check out these files:

				Overall: DN_NewNames.fa.mod.EDTA.TE.fa.stat.all.sum
				Nested: DN_NewNames.fa.mod.EDTA.TE.fa.stat.nested.sum
				Non-nested: DN_NewNames.fa.mod.EDTA.TE.fa.stat.redun.sum

				If you want to learn more about the formatting and information of these files, please visit:
					https://github.com/oushujun/EDTA/wiki/Making-sense-of-EDTA-usage-and-outputs---Q&A

Wed May 29 05:52:20 EDT 2024
	panEDTA annotation of /mnt/research/edgerpat_lab/Scotty/Strawberry_Domestication/results/Pan_Annotation/pangenome_fasta_w_cds.txt is finished!

