
The following have been reloaded with a version change:
  1) ncurses/6.0 => ncurses/6.1


The following have been reloaded with a version change:
  1) ncurses/6.1 => ncurses/6.0


#########################################################
##### Extensive de-novo TE Annotator (EDTA) v2.2.1  #####
##### Shujun Ou (shujun.ou.1@gmail.com)             #####
#########################################################


Parameters: --genome /mnt/research/edgerpat_lab/Scotty/Strawberry_Domestication/data/Genomes/Fixed_Fastas/H4/H4_NewNames.fa --cds /mnt/research/edgerpat_lab/Scotty/Strawberry_Domestication/data/Genomes/Fixed_Fastas/H4/H4_CDS_NewNames.fa --sensitive 1 --anno 1 --overwrite 1 --threads 12


Wed Apr 24 16:50:11 EDT 2024	Dependency checking:
				All passed!

	A CDS file /mnt/research/edgerpat_lab/Scotty/Strawberry_Domestication/data/Genomes/Fixed_Fastas/H4/H4_CDS_NewNames.fa is provided via --cds. Please make sure this is the DNA sequence of coding regions only.

Wed Apr 24 16:50:34 EDT 2024	Obtain raw TE libraries using various structure-based programs: 
Wed Apr 24 16:50:34 EDT 2024	EDTA_raw: Check dependencies, prepare working directories.

Wed Apr 24 16:50:37 EDT 2024	Start to find LTR candidates.

Wed Apr 24 16:50:37 EDT 2024	Identify LTR retrotransposon candidates from scratch.

Wed Apr 24 17:07:55 EDT 2024	Finish finding LTR candidates.

Wed Apr 24 17:07:55 EDT 2024	Start to find SINE candidates.

Wed Apr 24 18:35:55 EDT 2024	Finish finding SINE candidates.

Wed Apr 24 18:35:55 EDT 2024	Start to find LINE candidates.

Wed Apr 24 18:35:55 EDT 2024	Identify LINE retrotransposon candidates from scratch.

Thu Apr 25 08:34:44 EDT 2024	Finish finding LINE candidates.

Thu Apr 25 08:34:44 EDT 2024	Start to find TIR candidates.

Thu Apr 25 08:34:44 EDT 2024	Identify TIR candidates from scratch.

Species: others
Thu Apr 25 08:59:36 EDT 2024	Finish finding TIR candidates.

Thu Apr 25 08:59:36 EDT 2024	Start to find Helitron candidates.

Thu Apr 25 08:59:36 EDT 2024	Identify Helitron candidates from scratch.

Thu Apr 25 10:17:59 EDT 2024	Finish finding Helitron candidates.

Thu Apr 25 10:17:59 EDT 2024	Execution of EDTA_raw.pl is finished!

Thu Apr 25 10:17:59 EDT 2024	Obtain raw TE libraries finished.
				All intact TEs found by EDTA: 
					H4_NewNames.fa.mod.EDTA.intact.raw.fa 
					H4_NewNames.fa.mod.EDTA.intact.raw.gff3

Thu Apr 25 10:17:59 EDT 2024	Perform EDTA advance filtering for raw TE candidates and generate the stage 1 library: 

Thu Apr 25 10:31:27 EDT 2024	EDTA advance filtering finished.

Thu Apr 25 10:31:27 EDT 2024	Perform EDTA final steps to generate a non-redundant comprehensive TE library.

				Filter RepeatModeler results that are ignored in the raw step.

Thu Apr 25 10:32:40 EDT 2024	Clean up TE-related sequences in the CDS file with TEsorter.

				Remove CDS-related sequences in the EDTA library.

				Remove CDS-related sequences in intact TEs.

Thu Apr 25 10:52:39 EDT 2024	EDTA final stage finished! You may check out:
				The final EDTA TE library: H4_NewNames.fa.mod.EDTA.TElib.fa
Thu Apr 25 10:52:39 EDT 2024	Perform post-EDTA analysis for whole-genome annotation:

Thu Apr 25 10:52:39 EDT 2024	Homology-based annotation of TEs using H4_NewNames.fa.mod.EDTA.TElib.fa from scratch.

Thu Apr 25 11:11:35 EDT 2024	TE annotation using the EDTA library has finished! Check out:
				Whole-genome TE annotation (total TE: 25.43%): H4_NewNames.fa.mod.EDTA.TEanno.gff3
				Whole-genome TE annotation summary: H4_NewNames.fa.mod.EDTA.TEanno.sum
				Whole-genome TE divergence plot: H4_NewNames.fa.mod_divergence_plot.pdf
				Whole-genome TE density plot: H4_NewNames.fa.mod.EDTA.TEanno.density_plots.pdf
				Low-threshold TE masking for MAKER gene annotation (masked: 12.94%): H4_NewNames.fa.mod.MAKER.masked

Thu Apr 25 11:11:35 EDT 2024	Evaluate the level of inconsistency for whole-genome TE annotation:

Thu Apr 25 11:33:41 EDT 2024	Evaluation of TE annotation finished! Check out these files:

				Overall: H4_NewNames.fa.mod.EDTA.TE.fa.stat.all.sum
				Nested: H4_NewNames.fa.mod.EDTA.TE.fa.stat.nested.sum
				Non-nested: H4_NewNames.fa.mod.EDTA.TE.fa.stat.redun.sum

				If you want to learn more about the formatting and information of these files, please visit:
					https://github.com/oushujun/EDTA/wiki/Making-sense-of-EDTA-usage-and-outputs---Q&A

