
The following have been reloaded with a version change:
  1) ncurses/6.0 => ncurses/6.1


The following have been reloaded with a version change:
  1) ncurses/6.1 => ncurses/6.0


#########################################################
##### Extensive de-novo TE Annotator (EDTA) v2.2.1  #####
##### Shujun Ou (shujun.ou.1@gmail.com)             #####
#########################################################


Parameters: --genome /mnt/research/edgerpat_lab/Scotty/Strawberry_Domestication/data/Genomes/Fixed_Fastas/Del_Norte/DN_NewNames.fa --cds /mnt/research/edgerpat_lab/Scotty/Strawberry_Domestication/data/Genomes/Fixed_Fastas/Del_Norte/DN_CDS_NewNames.fa --sensitive 1 --anno 1 --overwrite 1 --threads 16


Wed Apr 24 16:50:11 EDT 2024	Dependency checking:
				All passed!

	A CDS file /mnt/research/edgerpat_lab/Scotty/Strawberry_Domestication/data/Genomes/Fixed_Fastas/Del_Norte/DN_CDS_NewNames.fa is provided via --cds. Please make sure this is the DNA sequence of coding regions only.

Wed Apr 24 16:51:05 EDT 2024	Obtain raw TE libraries using various structure-based programs: 
Wed Apr 24 16:51:05 EDT 2024	EDTA_raw: Check dependencies, prepare working directories.

Wed Apr 24 16:51:13 EDT 2024	Start to find LTR candidates.

Wed Apr 24 16:51:13 EDT 2024	Identify LTR retrotransposon candidates from scratch.

Wed Apr 24 19:16:43 EDT 2024	Finish finding LTR candidates.

Wed Apr 24 19:16:43 EDT 2024	Start to find SINE candidates.

Wed Apr 24 21:18:21 EDT 2024	Finish finding SINE candidates.

Wed Apr 24 21:18:21 EDT 2024	Start to find LINE candidates.

Wed Apr 24 21:18:21 EDT 2024	Identify LINE retrotransposon candidates from scratch.

Fri Apr 26 03:58:38 EDT 2024	Finish finding LINE candidates.

Fri Apr 26 03:58:38 EDT 2024	Start to find TIR candidates.

Fri Apr 26 03:58:38 EDT 2024	Identify TIR candidates from scratch.

Species: others
Fri Apr 26 10:12:40 EDT 2024	Finish finding TIR candidates.

Fri Apr 26 10:12:40 EDT 2024	Start to find Helitron candidates.

Fri Apr 26 10:12:40 EDT 2024	Identify Helitron candidates from scratch.

Fri Apr 26 13:52:04 EDT 2024	Finish finding Helitron candidates.

Fri Apr 26 13:52:04 EDT 2024	Execution of EDTA_raw.pl is finished!

Fri Apr 26 13:52:05 EDT 2024	Obtain raw TE libraries finished.
				All intact TEs found by EDTA: 
					DN_NewNames.fa.mod.EDTA.intact.raw.fa 
					DN_NewNames.fa.mod.EDTA.intact.raw.gff3

Fri Apr 26 13:52:05 EDT 2024	Perform EDTA advance filtering for raw TE candidates and generate the stage 1 library: 

Fri Apr 26 15:58:39 EDT 2024	EDTA advance filtering finished.

Fri Apr 26 15:58:39 EDT 2024	Perform EDTA final steps to generate a non-redundant comprehensive TE library.

				Filter RepeatModeler results that are ignored in the raw step.

Fri Apr 26 16:00:12 EDT 2024	Clean up TE-related sequences in the CDS file with TEsorter.

				Remove CDS-related sequences in the EDTA library.

				Remove CDS-related sequences in intact TEs.

Fri Apr 26 18:08:52 EDT 2024	EDTA final stage finished! You may check out:
				The final EDTA TE library: DN_NewNames.fa.mod.EDTA.TElib.fa
Fri Apr 26 18:08:52 EDT 2024	Perform post-EDTA analysis for whole-genome annotation:

Fri Apr 26 18:08:52 EDT 2024	Homology-based annotation of TEs using DN_NewNames.fa.mod.EDTA.TElib.fa from scratch.

Fri Apr 26 20:20:25 EDT 2024	TE annotation using the EDTA library has finished! Check out:
				Whole-genome TE annotation (total TE: 42.29%): DN_NewNames.fa.mod.EDTA.TEanno.gff3
				Whole-genome TE annotation summary: DN_NewNames.fa.mod.EDTA.TEanno.sum
				Whole-genome TE divergence plot: DN_NewNames.fa.mod_divergence_plot.pdf
				Whole-genome TE density plot: DN_NewNames.fa.mod.EDTA.TEanno.density_plots.pdf
				Low-threshold TE masking for MAKER gene annotation (masked: 21.87%): DN_NewNames.fa.mod.MAKER.masked

Fri Apr 26 20:20:25 EDT 2024	Evaluate the level of inconsistency for whole-genome TE annotation:

Fri Apr 26 20:25:51 EDT 2024	Evaluation of TE annotation finished! Check out these files:

				Overall: DN_NewNames.fa.mod.EDTA.TE.fa.stat.all.sum
				Nested: DN_NewNames.fa.mod.EDTA.TE.fa.stat.nested.sum
				Non-nested: DN_NewNames.fa.mod.EDTA.TE.fa.stat.redun.sum

				If you want to learn more about the formatting and information of these files, please visit:
					https://github.com/oushujun/EDTA/wiki/Making-sense-of-EDTA-usage-and-outputs---Q&A

